<?xml version="1.0" encoding="UTF-8"?>
<!-- Generated by org.testng.reporters.JUnitXMLReporter -->
<testsuite hostname="DESKTOP-H96EUS9" name="Default test" tests="28" failures="1" timestamp="5 Jan 2020 18:34:37 GMT" time="4.337" errors="0">
  <testcase name="checkStatusCode" time="0.094" classname="sandhya_restassured.sandhya_restassured.WeatherServicesTest"/>
  <testcase name="checkID" time="1.565" classname="sandhya_restassured.sandhya_restassured.WeatherServicesTest"/>
  <testcase name="checkName" time="0.059" classname="sandhya_restassured.sandhya_restassured.WeatherServicesTest"/>
  <testcase name="checkCod" time="0.047" classname="sandhya_restassured.sandhya_restassured.WeatherServicesTest"/>
  <testcase name="checkBase" time="0.052" classname="sandhya_restassured.sandhya_restassured.WeatherServicesTest"/>
  <testcase name="checkVisibility" time="0.059" classname="sandhya_restassured.sandhya_restassured.WeatherServicesTest"/>
  <testcase name="checkDt" time="0.065" classname="sandhya_restassured.sandhya_restassured.WeatherServicesTest"/>
  <testcase name="checkCoordLongitude" time="0.152" classname="sandhya_restassured.sandhya_restassured.WeatherServicesTest"/>
  <testcase name="checkCoordLatitude" time="0.066" classname="sandhya_restassured.sandhya_restassured.WeatherServicesTest"/>
  <testcase name="checkWhethermain" time="0.143" classname="sandhya_restassured.sandhya_restassured.WeatherServicesTest"/>
  <testcase name="checkWhetherid" time="0.057" classname="sandhya_restassured.sandhya_restassured.WeatherServicesTest"/>
  <testcase name="checkWhetherDesc" time="0.058" classname="sandhya_restassured.sandhya_restassured.WeatherServicesTest"/>
  <testcase name="checkWhetherIcon" time="0.061" classname="sandhya_restassured.sandhya_restassured.WeatherServicesTest"/>
  <testcase name="checkMainTemp" time="0.048" classname="sandhya_restassured.sandhya_restassured.WeatherServicesTest"/>
  <testcase name="checkMainPressure" time="0.059" classname="sandhya_restassured.sandhya_restassured.WeatherServicesTest"/>
  <testcase name="checkMainHumidity" time="0.067" classname="sandhya_restassured.sandhya_restassured.WeatherServicesTest"/>
  <testcase name="checkMainTempMin" time="0.053" classname="sandhya_restassured.sandhya_restassured.WeatherServicesTest"/>
  <testcase name="checkMainTempMax" time="0.046" classname="sandhya_restassured.sandhya_restassured.WeatherServicesTest"/>
  <testcase name="checkWindSpeed" time="0.05" classname="sandhya_restassured.sandhya_restassured.WeatherServicesTest"/>
  <testcase name="checkWindDeg" time="0.042" classname="sandhya_restassured.sandhya_restassured.WeatherServicesTest"/>
  <testcase name="checkCloudsAll" time="0.054" classname="sandhya_restassured.sandhya_restassured.WeatherServicesTest"/>
  <testcase name="checkSysType" time="0.048" classname="sandhya_restassured.sandhya_restassured.WeatherServicesTest"/>
  <testcase name="checkSysId" time="0.048" classname="sandhya_restassured.sandhya_restassured.WeatherServicesTest"/>
  <testcase name="checkSysMessage" time="0.057" classname="sandhya_restassured.sandhya_restassured.WeatherServicesTest"/>
  <testcase name="checkSysCountry" time="0.055" classname="sandhya_restassured.sandhya_restassured.WeatherServicesTest"/>
  <testcase name="checkSysSunrise" time="0.05" classname="sandhya_restassured.sandhya_restassured.WeatherServicesTest"/>
  <testcase name="checkSysSunset" time="0.035" classname="sandhya_restassured.sandhya_restassured.WeatherServicesTest"/>
  <testcase name="checkNewYorkUrl" time="0.999" classname="sandhya_restassured.sandhya_restassured.WeatherServicesTest">
    <failure type="java.lang.AssertionError" message="1 expectation failed.
JSON path name doesn&amp;apos;t match.
Expected: is &amp;quot;New york&amp;quot;
  Actual: London
">
      <![CDATA[java.lang.AssertionError: 1 expectation failed.
JSON path name doesn't match.
Expected: is "New york"
  Actual: London

	at sun.reflect.NativeConstructorAccessorImpl.newInstance0(Native Method)
	at sun.reflect.NativeConstructorAccessorImpl.newInstance(Unknown Source)
	at sun.reflect.DelegatingConstructorAccessorImpl.newInstance(Unknown Source)
	at java.lang.reflect.Constructor.newInstance(Unknown Source)
	at org.codehaus.groovy.reflection.CachedConstructor.invoke(CachedConstructor.java:80)
	at org.codehaus.groovy.reflection.CachedConstructor.doConstructorInvoke(CachedConstructor.java:74)
	at org.codehaus.groovy.runtime.callsite.ConstructorSite$ConstructorSiteNoUnwrap.callConstructor(ConstructorSite.java:84)
	at org.codehaus.groovy.runtime.callsite.CallSiteArray.defaultCallConstructor(CallSiteArray.java:59)
	at org.codehaus.groovy.runtime.callsite.AbstractCallSite.callConstructor(AbstractCallSite.java:237)
	at org.codehaus.groovy.runtime.callsite.AbstractCallSite.callConstructor(AbstractCallSite.java:249)
	at io.restassured.internal.ResponseSpecificationImpl$HamcrestAssertionClosure.validate(ResponseSpecificationImpl.groovy:493)
	at io.restassured.internal.ResponseSpecificationImpl$HamcrestAssertionClosure$validate$1.call(Unknown Source)
	at io.restassured.internal.ResponseSpecificationImpl.validateResponseIfRequired(ResponseSpecificationImpl.groovy:674)
	at sun.reflect.GeneratedMethodAccessor27.invoke(Unknown Source)
	at sun.reflect.DelegatingMethodAccessorImpl.invoke(Unknown Source)
	at java.lang.reflect.Method.invoke(Unknown Source)
	at org.codehaus.groovy.runtime.callsite.PlainObjectMetaMethodSite.doInvoke(PlainObjectMetaMethodSite.java:43)
	at org.codehaus.groovy.runtime.callsite.PogoMetaMethodSite$PogoCachedMethodSiteNoUnwrapNoCoerce.invoke(PogoMetaMethodSite.java:190)
	at org.codehaus.groovy.runtime.callsite.PogoMetaMethodSite.callCurrent(PogoMetaMethodSite.java:58)
	at org.codehaus.groovy.runtime.callsite.AbstractCallSite.callCurrent(AbstractCallSite.java:168)
	at io.restassured.internal.ResponseSpecificationImpl.body(ResponseSpecificationImpl.groovy:261)
	at io.restassured.specification.ResponseSpecification$body$0.callCurrent(Unknown Source)
	at io.restassured.internal.ResponseSpecificationImpl.body(ResponseSpecificationImpl.groovy:108)
	at io.restassured.internal.ValidatableResponseOptionsImpl.body(ValidatableResponseOptionsImpl.java:244)
	at io.restassured.internal.ValidatableResponseImpl.super$2$body(ValidatableResponseImpl.groovy)
	at sun.reflect.GeneratedMethodAccessor32.invoke(Unknown Source)
	at sun.reflect.DelegatingMethodAccessorImpl.invoke(Unknown Source)
	at java.lang.reflect.Method.invoke(Unknown Source)
	at org.codehaus.groovy.reflection.CachedMethod.invoke(CachedMethod.java:101)
	at groovy.lang.MetaMethod.doMethodInvoke(MetaMethod.java:323)
	at groovy.lang.MetaClassImpl.invokeMethod(MetaClassImpl.java:1217)
	at org.codehaus.groovy.runtime.ScriptBytecodeAdapter.invokeMethodOnSuperN(ScriptBytecodeAdapter.java:144)
	at io.restassured.internal.ValidatableResponseImpl.body(ValidatableResponseImpl.groovy:298)
	at io.restassured.internal.ValidatableResponseImpl.body(ValidatableResponseImpl.groovy)
	at sandhya_restassured.sandhya_restassured.WeatherServicesTest.checkNewYorkUrl(WeatherServicesTest.java:232)
	at sun.reflect.NativeMethodAccessorImpl.invoke0(Native Method)
	at sun.reflect.NativeMethodAccessorImpl.invoke(Unknown Source)
	at sun.reflect.DelegatingMethodAccessorImpl.invoke(Unknown Source)
	at java.lang.reflect.Method.invoke(Unknown Source)
	at org.testng.internal.MethodInvocationHelper.invokeMethod(MethodInvocationHelper.java:84)
	at org.testng.internal.Invoker.invokeMethod(Invoker.java:714)
	at org.testng.internal.Invoker.invokeTestMethod(Invoker.java:901)
	at org.testng.internal.Invoker.invokeTestMethods(Invoker.java:1231)
	at org.testng.internal.TestMethodWorker.invokeTestMethods(TestMethodWorker.java:127)
	at org.testng.internal.TestMethodWorker.run(TestMethodWorker.java:111)
	at org.testng.TestRunner.privateRun(TestRunner.java:767)
	at org.testng.TestRunner.run(TestRunner.java:617)
	at org.testng.SuiteRunner.runTest(SuiteRunner.java:334)
	at org.testng.SuiteRunner.runSequentially(SuiteRunner.java:329)
	at org.testng.SuiteRunner.privateRun(SuiteRunner.java:291)
	at org.testng.SuiteRunner.run(SuiteRunner.java:240)
	at org.testng.SuiteRunnerWorker.runSuite(SuiteRunnerWorker.java:52)
	at org.testng.SuiteRunnerWorker.run(SuiteRunnerWorker.java:86)
	at org.testng.TestNG.runSuitesSequentially(TestNG.java:1224)
	at org.testng.TestNG.runSuitesLocally(TestNG.java:1149)
	at org.testng.TestNG.run(TestNG.java:1057)
	at org.testng.remote.AbstractRemoteTestNG.run(AbstractRemoteTestNG.java:126)
	at org.testng.remote.RemoteTestNG.initAndRun(RemoteTestNG.java:137)
	at org.testng.remote.RemoteTestNG.main(RemoteTestNG.java:58)
]]>
    </failure>
  </testcase> <!-- checkNewYorkUrl -->
</testsuite> <!-- Default test -->
