<?xml version="1.0" encoding="UTF-8"?>
<!-- Generated by org.testng.reporters.JUnitXMLReporter -->
<testsuite hostname="DESKTOP-H96EUS9" name="Test" tests="28" failures="1" timestamp="6 Jan 2020 02:31:35 GMT" time="4.958" errors="0">
  <testcase name="checkStatusCode" time="0.101" classname="sandhya_restassured.sandhya_restassured.WeatherServicesTest"/>
  <testcase name="checkID" time="1.536" classname="sandhya_restassured.sandhya_restassured.WeatherServicesTest"/>
  <testcase name="checkName" time="0.078" classname="sandhya_restassured.sandhya_restassured.WeatherServicesTest"/>
  <testcase name="checkCod" time="0.063" classname="sandhya_restassured.sandhya_restassured.WeatherServicesTest"/>
  <testcase name="checkBase" time="0.062" classname="sandhya_restassured.sandhya_restassured.WeatherServicesTest"/>
  <testcase name="checkVisibility" time="0.063" classname="sandhya_restassured.sandhya_restassured.WeatherServicesTest"/>
  <testcase name="checkDt" time="0.062" classname="sandhya_restassured.sandhya_restassured.WeatherServicesTest"/>
  <testcase name="checkCoordLongitude" time="0.137" classname="sandhya_restassured.sandhya_restassured.WeatherServicesTest"/>
  <testcase name="checkCoordLatitude" time="0.062" classname="sandhya_restassured.sandhya_restassured.WeatherServicesTest"/>
  <testcase name="checkWhethermain" time="0.125" classname="sandhya_restassured.sandhya_restassured.WeatherServicesTest"/>
  <testcase name="checkWhetherid" time="0.047" classname="sandhya_restassured.sandhya_restassured.WeatherServicesTest"/>
  <testcase name="checkWhetherDesc" time="0.063" classname="sandhya_restassured.sandhya_restassured.WeatherServicesTest"/>
  <testcase name="checkWhetherIcon" time="0.062" classname="sandhya_restassured.sandhya_restassured.WeatherServicesTest"/>
  <testcase name="checkMainTemp" time="0.063" classname="sandhya_restassured.sandhya_restassured.WeatherServicesTest"/>
  <testcase name="checkMainPressure" time="0.047" classname="sandhya_restassured.sandhya_restassured.WeatherServicesTest"/>
  <testcase name="checkMainHumidity" time="0.047" classname="sandhya_restassured.sandhya_restassured.WeatherServicesTest"/>
  <testcase name="checkMainTempMin" time="0.062" classname="sandhya_restassured.sandhya_restassured.WeatherServicesTest"/>
  <testcase name="checkMainTempMax" time="0.047" classname="sandhya_restassured.sandhya_restassured.WeatherServicesTest"/>
  <testcase name="checkWindSpeed" time="0.063" classname="sandhya_restassured.sandhya_restassured.WeatherServicesTest"/>
  <testcase name="checkWindDeg" time="0.047" classname="sandhya_restassured.sandhya_restassured.WeatherServicesTest"/>
  <testcase name="checkCloudsAll" time="0.047" classname="sandhya_restassured.sandhya_restassured.WeatherServicesTest"/>
  <testcase name="checkSysType" time="0.062" classname="sandhya_restassured.sandhya_restassured.WeatherServicesTest"/>
  <testcase name="checkSysId" time="0.063" classname="sandhya_restassured.sandhya_restassured.WeatherServicesTest"/>
  <testcase name="checkSysMessage" time="0.07" classname="sandhya_restassured.sandhya_restassured.WeatherServicesTest"/>
  <testcase name="checkSysCountry" time="0.078" classname="sandhya_restassured.sandhya_restassured.WeatherServicesTest"/>
  <testcase name="checkSysSunrise" time="0.047" classname="sandhya_restassured.sandhya_restassured.WeatherServicesTest"/>
  <testcase name="checkSysSunset" time="0.047" classname="sandhya_restassured.sandhya_restassured.WeatherServicesTest"/>
  <testcase name="checkNewYorkUrl" time="0.984" classname="sandhya_restassured.sandhya_restassured.WeatherServicesTest">
    <failure type="java.lang.AssertionError" message="1 expectation failed.
JSON path name doesn&amp;apos;t match.
Expected: is &amp;quot;New york&amp;quot;
  Actual: London
">
      <![CDATA[java.lang.AssertionError: 1 expectation failed.
JSON path name doesn't match.
Expected: is "New york"
  Actual: London

	at org.codehaus.groovy.runtime.callsite.ConstructorSite$ConstructorSiteNoUnwrap.callConstructor(ConstructorSite.java:84)
	at org.codehaus.groovy.runtime.callsite.CallSiteArray.defaultCallConstructor(CallSiteArray.java:59)
	at org.codehaus.groovy.runtime.callsite.AbstractCallSite.callConstructor(AbstractCallSite.java:237)
	at org.codehaus.groovy.runtime.callsite.AbstractCallSite.callConstructor(AbstractCallSite.java:249)
	at io.restassured.internal.ResponseSpecificationImpl$HamcrestAssertionClosure.validate(ResponseSpecificationImpl.groovy:493)
	at io.restassured.internal.ResponseSpecificationImpl$HamcrestAssertionClosure$validate$1.call(Unknown Source)
	at io.restassured.internal.ResponseSpecificationImpl.validateResponseIfRequired(ResponseSpecificationImpl.groovy:674)
	at org.codehaus.groovy.runtime.callsite.PlainObjectMetaMethodSite.doInvoke(PlainObjectMetaMethodSite.java:43)
	at org.codehaus.groovy.runtime.callsite.PogoMetaMethodSite$PogoCachedMethodSiteNoUnwrapNoCoerce.invoke(PogoMetaMethodSite.java:190)
	at org.codehaus.groovy.runtime.callsite.PogoMetaMethodSite.callCurrent(PogoMetaMethodSite.java:58)
	at org.codehaus.groovy.runtime.callsite.AbstractCallSite.callCurrent(AbstractCallSite.java:168)
	at io.restassured.internal.ResponseSpecificationImpl.body(ResponseSpecificationImpl.groovy:261)
	at io.restassured.specification.ResponseSpecification$body$0.callCurrent(Unknown Source)
	at io.restassured.internal.ResponseSpecificationImpl.body(ResponseSpecificationImpl.groovy:108)
	at io.restassured.internal.ValidatableResponseOptionsImpl.body(ValidatableResponseOptionsImpl.java:244)
	at io.restassured.internal.ValidatableResponseImpl.super$2$body(ValidatableResponseImpl.groovy)
	at groovy.lang.MetaMethod.doMethodInvoke(MetaMethod.java:323)
	at groovy.lang.MetaClassImpl.invokeMethod(MetaClassImpl.java:1217)
	at org.codehaus.groovy.runtime.ScriptBytecodeAdapter.invokeMethodOnSuperN(ScriptBytecodeAdapter.java:144)
	at io.restassured.internal.ValidatableResponseImpl.body(ValidatableResponseImpl.groovy:298)
	at io.restassured.internal.ValidatableResponseImpl.body(ValidatableResponseImpl.groovy)
	at sandhya_restassured.sandhya_restassured.WeatherServicesTest.checkNewYorkUrl(WeatherServicesTest.java:234)
... Removed 37 stack frames]]>
    </failure>
  </testcase> <!-- checkNewYorkUrl -->
</testsuite> <!-- Test -->
